<?xml version="1.0" encoding="UTF-8"?>
<!-- Generated by org.testng.reporters.JUnitReportReporter -->
<testsuite skipped="0" hostname="ho-ltp-19622" name="Create_Label_Test" tests="1" failures="0" timestamp="10 Aug 2020 11:07:07 GMT" time="93.094" errors="0">
  <testcase name="createLabelAndValidate" time="93.094" classname="Create_Label_Test"/>
</testsuite> <!-- Create_Label_Test -->
